2020-May-19 23:01:12,212 [main] com.Testing.MyntraKeyword 
  INFO  open Url
2020-May-19 23:01:15,046 [main] com.Testing.MyntraKeyword 
  INFO  window maximize
2020-May-19 23:01:15,080 [main] com.Testing.MyntraKeyword 
  INFO  wait for 10 seconds
2020-May-19 23:01:15,853 [main] com.Testing.MyntraKeyword 
  INFO  wait for 10 seconds
2020-May-19 23:01:25,706 [main] com.Testing.MyntraKeyword 
  INFO  Close the Browser
2020-May-19 23:01:44,199 [main] com.Testing.MyntraKeyword 
  INFO  open Url
2020-May-19 23:01:46,911 [main] com.Testing.MyntraKeyword 
  INFO  window maximize
2020-May-19 23:01:46,932 [main] com.Testing.MyntraKeyword 
  INFO  wait for 10 seconds
2020-May-19 23:01:47,329 [main] com.Testing.MyntraKeyword 
  INFO  wait for 10 seconds
2020-May-19 23:01:55,050 [main] com.Testing.MyntraKeyword 
  INFO  Close the Browser
