2020-Jun-12 22:58:08,603 [main] com.Testing.MyntraKeyword 
  INFO  open Url
2020-Jun-12 22:58:11,198 [main] com.Testing.MyntraKeyword 
  INFO  window maximize
2020-Jun-12 22:58:11,208 [main] com.Testing.MyntraKeyword 
  INFO  wait for 10 seconds
2020-Jun-12 22:58:12,188 [main] com.Testing.MyntraKeyword 
  INFO  wait for 10 seconds
2020-Jun-12 22:58:16,111 [main] com.Testing.MyntraKeyword 
  INFO  Close the Browser
2020-Jun-12 22:58:34,106 [main] com.Testing.MyntraKeyword 
  INFO  open Url
2020-Jun-12 22:58:36,703 [main] com.Testing.MyntraKeyword 
  INFO  window maximize
2020-Jun-12 22:58:36,792 [main] com.Testing.MyntraKeyword 
  INFO  wait for 10 seconds
2020-Jun-12 22:58:37,431 [main] com.Testing.MyntraKeyword 
  INFO  wait for 10 seconds
2020-Jun-12 22:58:40,403 [main] com.Testing.MyntraKeyword 
  INFO  Close the Browser
